<?xml version="1.0" encoding="UTF-8"?>
<testng-results ignored="0" total="1" passed="1" failed="0" skipped="0">
  <reporter-output>
  </reporter-output>
  <suite started-at="2023-06-23T11:27:20 IST" name="Default suite" finished-at="2023-06-23T11:27:20 IST" duration-ms="41">
    <groups>
    </groups>
    <test started-at="2023-06-23T11:27:20 IST" name="Default test" finished-at="2023-06-23T11:27:20 IST" duration-ms="41">
      <class name="browser.RecentlyPlayedStoreTest">
        <test-method signature="testRecentlyPlayedStore()[pri:0, instance:browser.RecentlyPlayedStoreTest@7133da86]" started-at="2023-06-23T11:27:20 IST" name="testRecentlyPlayedStore" finished-at="2023-06-23T11:27:20 IST" duration-ms="12" status="PASS">
          <reporter-output>
          </reporter-output>
        </test-method> <!-- testRecentlyPlayedStore -->
      </class> <!-- browser.RecentlyPlayedStoreTest -->
    </test> <!-- Default test -->
  </suite> <!-- Default suite -->
</testng-results>
